Crash handler installed
Loading config file: /home/legion/Projects/src/openmw/build/openmw-0.46.0-Linux-64Bit/openmw.cfg
Loading config file: /home/legion/.config/openmw/openmw.cfg
OpenMW version 0.46.0
Revision: efaeb31bf9
Using default (English) font encoding.
OSG version: 3.4.2
SDL version: 2.0.8
Loading settings file: /home/legion/Projects/src/openmw/build/openmw-0.46.0-Linux-64Bit/settings-default.cfg
Loading settings file: /home/legion/.config/openmw/settings.cfg
Adding BSA archive /home/legion/.steam/steam/steamapps/common/Morrowind/Data Files/Morrowind.bsa
Adding BSA archive /home/legion/.steam/steam/steamapps/common/Morrowind/Data Files/Tribunal.bsa
Adding BSA archive /home/legion/.steam/steam/steamapps/common/Morrowind/Data Files/Bloodmoon.bsa
Adding BSA archive /home/legion/OpenMW/mods/open_mw_mods/tr_data/TR_Data.bsa
Adding BSA archive /home/legion/OpenMW/mods/open_mw_mods/tr_data/PT_Data.bsa
Adding data directory ./resources/vfs
Adding data directory /home/legion/.steam/steam/steamapps/common/Morrowind/Data Files
Adding data directory /home/legion/OpenMW/mods/open_mw_mods/patch_for_purists
Adding data directory /home/legion/OpenMW/mods/open_mw_mods/expansion_delay
Adding data directory /home/legion/OpenMW/mods/open_mw_mods/facelift
Adding data directory /home/legion/OpenMW/mods/open_mw_mods/npc_additions
Adding data directory /home/legion/OpenMW/mods/open_mw_mods/itextures
Adding data directory /home/legion/OpenMW/mods/open_mw_mods/tr_rebuilt_core
Adding data directory /home/legion/OpenMW/mods/open_mw_mods/tr_data
Adding data directory /home/legion/OpenMW/mods/open_mw_mods/tr_travels
Adding data directory /home/legion/OpenMW/mods/open_mw_mods/tr_cyrodil
Adding data directory /home/legion/OpenMW/mods/open_mw_mods/optimization_core
Adding data directory /home/legion/OpenMW/mods/open_mw_mods/dahrk_core
Adding data directory /home/legion/OpenMW/mods/open_mw_mods/mca
Adding data directory /home/legion/OpenMW/mods/open_mw_mods/tr_skyrim
Adding data directory /home/legion/OpenMW/mods/open_mw_mods/better_regen
Adding data directory /home/legion/OpenMW/mods/open_mw_mods/natural_leveling
Adding data directory /home/legion/OpenMW/mods/open_mw_mods/natural_growth
Adding data directory /home/legion/OpenMW/mods/open_mw_mods/nhm
Adding data directory /home/legion/OpenMW/mods/open_mw_mods/nhm_deluxe
Adding data directory /home/legion/OpenMW/mods/open_mw_mods/masterindex
Adding data directory /home/legion/.local/share/openmw/data
Loading keybindings file: /home/legion/.config/openmw/input_v3.xml
Initializing OpenAL...
Opened "Scarlett Solo USB Analog Stereo"
  ALC Version: 1.1
  ALC Extensions: ALC_ENUMERATE_ALL_EXT ALC_ENUMERATION_EXT ALC_EXT_CAPTURE ALC_EXT_DEDICATED ALC_EXT_disconnect ALC_EXT_EFX ALC_EXT_thread_local_context ALC_SOFT_device_clock ALC_SOFT_HRTF ALC_SOFT_loopback ALC_SOFT_output_limiter ALC_SOFT_pause_device
  Vendor: OpenAL Community
  Renderer: OpenAL Soft
  Version: 1.1 ALSOFT 1.19.1
  Extensions: AL_EXT_ALAW AL_EXT_BFORMAT AL_EXT_DOUBLE AL_EXT_EXPONENT_DISTANCE AL_EXT_FLOAT32 AL_EXT_IMA4 AL_EXT_LINEAR_DISTANCE AL_EXT_MCFORMATS AL_EXT_MULAW AL_EXT_MULAW_BFORMAT AL_EXT_MULAW_MCFORMATS AL_EXT_OFFSET AL_EXT_source_distance_model AL_EXT_SOURCE_RADIUS AL_EXT_STEREO_ANGLES AL_LOKI_quadriphonic AL_SOFT_block_alignment AL_SOFT_deferred_updates AL_SOFT_direct_channels AL_SOFTX_events AL_SOFTX_filter_gain_ex AL_SOFT_gain_clamp_ex AL_SOFT_loop_points AL_SOFTX_map_buffer AL_SOFT_MSADPCM AL_SOFT_source_latency AL_SOFT_source_length AL_SOFT_source_resampler AL_SOFT_source_spatialize
HRTF disabled
Allocated 256 sound sources
Low-pass filter supported
EAX Reverb supported
Enumerated output devices:
  Scarlett Solo USB Analog Stereo  Built-in Audio Digital Stereo (IEC958)  GM204 High Definition Audio Controller Digital Stereo (HDMI)
Enumerated HRTF names:
  default-44100  default-48000  Built-In 44100hz  Built-In 48000hz
Loading content file Morrowind.esm
Loading content file Tribunal.esm
Loading content file Bloodmoon.esm
Loading content file master_index.esp
Loading content file MCA.esm
Loading content file Tamriel_Data.esm
Loading content file Cyrodiil_Main.esm
Loading content file Sky_Main.esm
Loading content file TR_Mainland.esm
Loading content file Patch for Purists.esm
Loading content file Patch for Purists - Book Typos.ESP
Loading content file Patch for Purists - Semi-Purist Fixes.ESP
Loading content file Expansion Delay.ESP
Loading content file Starfires NPC Additions ver-1.13.esp
Loading content file Sky_Main_Grass.ESP
Loading content file Cyrodiil_Grass.ESP
Loading content file TR_Travels.esp
Loading content file ncgdMW-3.2.omwaddon
Loading content file NaturalLeveling.esp
Loading content file BetterRegen.omwaddon
Loading content file NHM v1.7.0 - Deluxe.ESP
Loading content file NHM v1.7.0 - DeluxeRebirth.ESP
Loading content file NHM - Moving Barrel.ESP
Loading content file NHM v1.7.0 - Ald-Ruhn.esp
Loading content file NHM v1.7.0 - Balmora.esp
Loading content file NHM v1.7.0 - Dagon Fel.ESP
Loading content file NHM v1.7.0 - Ebonheart.ESP
Loading content file NHM v1.7.0 - Gnisis.ESP
Loading content file NHM v1.7.0 - Sadrith Mora.ESP
Loading content file NHM v1.7.0 - Seyda Neen.ESP
Loading content file NHM v1.7.0 - Suran.ESP
Loading content file NHM v1.7.0 - Caldera.ESP
Loading content file NHM v1.7.0 - Tel Branora.ESP
Loading content file NHM v1.7.0 - Vos.ESP
NPC 'pc_gc_guard' (<Deprecated>) has nonexistent faction 'T_Cyr_ImperialWatch', ignoring it.
NPC 'pc_str_quintex doralis' (Quintex Doralis) has nonexistent faction 'T_Cyr_EastEmpireCompany', ignoring it.
NPC 'pc_str_seneca juro' (Seneca Juro) has nonexistent faction 'T_Cyr_ImperialWatch', ignoring it.
NPC 'pc_str_tullius juro' (Tullius Juro) has nonexistent faction 'T_Cyr_ImperialWatch', ignoring it.
NPC 'pc_vvard_titus corilex' (Titus Corilex) has nonexistent faction 'T_Cyr_EastEmpireCompany', ignoring it.
Playing music/special/morrowind title.mp3
Changing to interior
Loading cell Old Mournhold: City Gate
Playing music/explore/mx_explore_2.mp3
Unhandled controller NiPathController on node 90 in meshes/e/magic_cast_myst.nif
Changing to interior
Unloading cell Old Mournhold: City Gate
Loading cell Old Mournhold: Residential Ruins
Playing music/battle/mw battle1.mp3
Playing music/explore/mx_explore_6.mp3
Playing music/battle/mw battle 8.mp3
Changing to interior
Unloading cell Old Mournhold: Residential Ruins
Loading cell Old Mournhold: Teran Hall
Playing music/battle/mw battle 7.mp3
Unhandled controller NiPathController on node 90 in meshes/e/magic_cast_myst.nif
Changing to interior
Unloading cell Old Mournhold: Teran Hall
Loading cell Old Mournhold: Abandoned Passageway
Playing music/explore/mx_explore_3.mp3
Playing music/battle/mw battle 4.mp3
Changing to interior
Unloading cell Old Mournhold: Abandoned Passageway
Loading cell Old Mournhold: Battlefield
Playing music/explore/mx_explore_5.mp3
Quitting peacefully.
